# JRE version: OpenJDK Runtime Environment (17.0.11) (build 17.0.11+0--11852314)
# Java VM: OpenJDK 64-Bit Server VM (17.0.11+0--11852314, mixed mode, tiered, compressed oops, compressed class ptrs, g1 gc, windows-amd64)
GC Precious Log:
 CPUs: 12 total, 12 available
 Memory: 16251M
 Large Page Support: Disabled
 NUMA Support: Disabled
 Compressed Oops: Enabled (32-bit)
 Heap Region Size: 1M
 Heap Min Capacity: 8M
 Heap Initial Capacity: 254M
 Heap Max Capacity: 2G
 Pre-touch: Disabled
 Parallel Workers: 10
 Concurrent Workers: 3
 Concurrent Refinement Workers: 10
 Periodic GC: Disabled
Heap:
 garbage-first heap   total 301056K, used 76721K [0x0000000080000000, 0x0000000100000000)
  region size 1024K, 8 young (8192K), 8 survivors (8192K)
 Metaspace       used 62096K, committed 62592K, reserved 1114112K
  class space    used 8492K, committed 8704K, reserved 1048576K
GC Heap History (20 events):
Event: 4.524 GC heap after
{Heap after GC invocations=16 (full 0):
 garbage-first heap   total 120832K, used 44489K [0x0000000080000000, 0x0000000100000000)
  region size 1024K, 2 young (2048K), 2 survivors (2048K)
 Metaspace       used 59656K, committed 60160K, reserved 1114112K
  class space    used 8195K, committed 8448K, reserved 1048576K
}
Event: 4.663 GC heap before
{Heap before GC invocations=17 (full 0):
 garbage-first heap   total 120832K, used 95689K [0x0000000080000000, 0x0000000100000000)
  region size 1024K, 51 young (52224K), 2 survivors (2048K)
 Metaspace       used 61124K, committed 61632K, reserved 1114112K
  class space    used 8489K, committed 8704K, reserved 1048576K
}
Event: 4.669 GC heap after
{Heap after GC invocations=18 (full 0):
 garbage-first heap   total 120832K, used 52842K [0x0000000080000000, 0x0000000100000000)
  region size 1024K, 7 young (7168K), 7 survivors (7168K)
 Metaspace       used 61124K, committed 61632K, reserved 1114112K
  class space    used 8489K, committed 8704K, reserved 1048576K
}
Event: 4.724 GC heap before
{Heap before GC invocations=18 (full 0):
 garbage-first heap   total 120832K, used 93802K [0x0000000080000000, 0x0000000100000000)
  region size 1024K, 48 young (49152K), 7 survivors (7168K)
 Metaspace       used 61268K, committed 61824K, reserved 1114112K
  class space    used 8491K, committed 8704K, reserved 1048576K
}
Event: 4.730 GC heap after
{Heap after GC invocations=19 (full 0):
 garbage-first heap   total 120832K, used 56280K [0x0000000080000000, 0x0000000100000000)
  region size 1024K, 4 young (4096K), 4 survivors (4096K)
 Metaspace       used 61268K, committed 61824K, reserved 1114112K
  class space    used 8491K, committed 8704K, reserved 1048576K
}
Event: 4.776 GC heap before
{Heap before GC invocations=19 (full 0):
 garbage-first heap   total 120832K, used 95192K [0x0000000080000000, 0x0000000100000000)
  region size 1024K, 43 young (44032K), 4 survivors (4096K)
 Metaspace       used 61309K, committed 61824K, reserved 1114112K
  class space    used 8491K, committed 8704K, reserved 1048576K
}
Event: 4.780 GC heap after
{Heap after GC invocations=20 (full 0):
 garbage-first heap   total 120832K, used 57620K [0x0000000080000000, 0x0000000100000000)
  region size 1024K, 2 young (2048K), 2 survivors (2048K)
 Metaspace       used 61309K, committed 61824K, reserved 1114112K
  class space    used 8491K, committed 8704K, reserved 1048576K
}
Event: 4.825 GC heap before
{Heap before GC invocations=20 (full 0):
 garbage-first heap   total 120832K, used 95508K [0x0000000080000000, 0x0000000100000000)
  region size 1024K, 40 young (40960K), 2 survivors (2048K)
 Metaspace       used 61389K, committed 61888K, reserved 1114112K
  class space    used 8491K, committed 8704K, reserved 1048576K
}
Event: 4.828 GC heap after
{Heap after GC invocations=21 (full 0):
 garbage-first heap   total 120832K, used 57806K [0x0000000080000000, 0x0000000100000000)
  region size 1024K, 3 young (3072K), 3 survivors (3072K)
 Metaspace       used 61389K, committed 61888K, reserved 1114112K
  class space    used 8491K, committed 8704K, reserved 1048576K
}
Event: 4.912 GC heap before
{Heap before GC invocations=22 (full 0):
 garbage-first heap   total 150528K, used 96718K [0x0000000080000000, 0x0000000100000000)
  region size 1024K, 41 young (41984K), 3 survivors (3072K)
 Metaspace       used 61442K, committed 62016K, reserved 1114112K
  class space    used 8485K, committed 8704K, reserved 1048576K
}
Event: 4.917 GC heap after
{Heap after GC invocations=23 (full 0):
 garbage-first heap   total 150528K, used 60002K [0x0000000080000000, 0x0000000100000000)
  region size 1024K, 5 young (5120K), 5 survivors (5120K)
 Metaspace       used 61442K, committed 62016K, reserved 1114112K
  class space    used 8485K, committed 8704K, reserved 1048576K
}
Event: 4.921 GC heap before
{Heap before GC invocations=23 (full 0):
 garbage-first heap   total 150528K, used 62050K [0x0000000080000000, 0x0000000100000000)
  region size 1024K, 7 young (7168K), 5 survivors (5120K)
 Metaspace       used 61453K, committed 62016K, reserved 1114112K
  class space    used 8485K, committed 8704K, reserved 1048576K
}
Event: 4.926 GC heap after
{Heap after GC invocations=24 (full 0):
 garbage-first heap   total 301056K, used 60538K [0x0000000080000000, 0x0000000100000000)
  region size 1024K, 1 young (1024K), 1 survivors (1024K)
 Metaspace       used 61453K, committed 62016K, reserved 1114112K
  class space    used 8485K, committed 8704K, reserved 1048576K
}
Event: 5.213 GC heap before
{Heap before GC invocations=24 (full 0):
 garbage-first heap   total 301056K, used 239738K [0x0000000080000000, 0x0000000100000000)
  region size 1024K, 176 young (180224K), 1 survivors (1024K)
 Metaspace       used 61772K, committed 62272K, reserved 1114112K
  class space    used 8490K, committed 8704K, reserved 1048576K
}
Event: 5.223 GC heap after
{Heap after GC invocations=25 (full 0):
 garbage-first heap   total 301056K, used 69454K [0x0000000080000000, 0x0000000100000000)
  region size 1024K, 9 young (9216K), 9 survivors (9216K)
 Metaspace       used 61772K, committed 62272K, reserved 1114112K
  class space    used 8490K, committed 8704K, reserved 1048576K
}
Event: 5.433 GC heap before
{Heap before GC invocations=25 (full 0):
 garbage-first heap   total 301056K, used 228174K [0x0000000080000000, 0x0000000100000000)
  region size 1024K, 165 young (168960K), 9 survivors (9216K)
 Metaspace       used 61965K, committed 62464K, reserved 1114112K
  class space    used 8491K, committed 8704K, reserved 1048576K
}
Event: 5.440 GC heap after
{Heap after GC invocations=26 (full 0):
 garbage-first heap   total 301056K, used 70360K [0x0000000080000000, 0x0000000100000000)
  region size 1024K, 10 young (10240K), 10 survivors (10240K)
 Metaspace       used 61965K, committed 62464K, reserved 1114112K
  class space    used 8491K, committed 8704K, reserved 1048576K
}
Event: 5.633 GC heap before
{Heap before GC invocations=26 (full 0):
 garbage-first heap   total 301056K, used 240344K [0x0000000080000000, 0x0000000100000000)
  region size 1024K, 176 young (180224K), 10 survivors (10240K)
 Metaspace       used 62064K, committed 62528K, reserved 1114112K
  class space    used 8492K, committed 8704K, reserved 1048576K
}
Event: 5.642 GC heap after
{Heap after GC invocations=27 (full 0):
 garbage-first heap   total 301056K, used 75898K [0x0000000080000000, 0x0000000100000000)
  region size 1024K, 14 young (14336K), 14 survivors (14336K)
 Metaspace       used 62064K, committed 62528K, reserved 1114112K
  class space    used 8492K, committed 8704K, reserved 1048576K
}
Event: 5.810 GC heap before
{Heap before GC invocations=27 (full 0):
 garbage-first heap   total 301056K, used 241786K [0x0000000080000000, 0x0000000100000000)
  region size 1024K, 176 young (180224K), 14 survivors (14336K)
 Metaspace       used 62096K, committed 62592K, reserved 1114112K
  class space    used 8492K, committed 8704K, reserved 1048576K
}

