# JRE version: OpenJDK Runtime Environment (17.0.11) (build 17.0.11+0--11852314)
# Java VM: OpenJDK 64-Bit Server VM (17.0.11+0--11852314, mixed mode, tiered, compressed oops, compressed class ptrs, g1 gc, windows-amd64)
GC Precious Log:
 CPUs: 12 total, 12 available
 Memory: 16251M
 Large Page Support: Disabled
 NUMA Support: Disabled
 Compressed Oops: Enabled (32-bit)
 Heap Region Size: 1M
 Heap Min Capacity: 8M
 Heap Initial Capacity: 254M
 Heap Max Capacity: 2G
 Pre-touch: Disabled
 Parallel Workers: 10
 Concurrent Workers: 3
 Concurrent Refinement Workers: 10
 Periodic GC: Disabled
Heap:
 garbage-first heap   total 287744K, used 175434K [0x0000000080000000, 0x0000000100000000)
  region size 1024K, 6 young (6144K), 6 survivors (6144K)
 Metaspace       used 60451K, committed 60992K, reserved 1114112K
  class space    used 8195K, committed 8448K, reserved 1048576K
GC Heap History (20 events):
Event: 8.460 GC heap after
{Heap after GC invocations=37 (full 0):
 garbage-first heap   total 232448K, used 81966K [0x0000000080000000, 0x0000000100000000)
  region size 1024K, 10 young (10240K), 10 survivors (10240K)
 Metaspace       used 59566K, committed 60032K, reserved 1114112K
  class space    used 8119K, committed 8320K, reserved 1048576K
}
Event: 8.615 GC heap before
{Heap before GC invocations=37 (full 0):
 garbage-first heap   total 232448K, used 197678K [0x0000000080000000, 0x0000000100000000)
  region size 1024K, 123 young (125952K), 10 survivors (10240K)
 Metaspace       used 59567K, committed 60032K, reserved 1114112K
  class space    used 8119K, committed 8320K, reserved 1048576K
}
Event: 8.621 GC heap after
{Heap after GC invocations=38 (full 0):
 garbage-first heap   total 232448K, used 83007K [0x0000000080000000, 0x0000000100000000)
  region size 1024K, 8 young (8192K), 8 survivors (8192K)
 Metaspace       used 59567K, committed 60032K, reserved 1114112K
  class space    used 8119K, committed 8320K, reserved 1048576K
}
Event: 8.780 GC heap before
{Heap before GC invocations=38 (full 0):
 garbage-first heap   total 232448K, used 199743K [0x0000000080000000, 0x0000000100000000)
  region size 1024K, 122 young (124928K), 8 survivors (8192K)
 Metaspace       used 59567K, committed 60032K, reserved 1114112K
  class space    used 8119K, committed 8320K, reserved 1048576K
}
Event: 8.785 GC heap after
{Heap after GC invocations=39 (full 0):
 garbage-first heap   total 279552K, used 83827K [0x0000000080000000, 0x0000000100000000)
  region size 1024K, 9 young (9216K), 9 survivors (9216K)
 Metaspace       used 59567K, committed 60032K, reserved 1114112K
  class space    used 8119K, committed 8320K, reserved 1048576K
}
Event: 9.485 GC heap before
{Heap before GC invocations=39 (full 0):
 garbage-first heap   total 279552K, used 243571K [0x0000000080000000, 0x0000000100000000)
  region size 1024K, 162 young (165888K), 9 survivors (9216K)
 Metaspace       used 59706K, committed 60160K, reserved 1114112K
  class space    used 8138K, committed 8320K, reserved 1048576K
}
Event: 9.487 GC heap after
{Heap after GC invocations=40 (full 0):
 garbage-first heap   total 279552K, used 77399K [0x0000000080000000, 0x0000000100000000)
  region size 1024K, 2 young (2048K), 2 survivors (2048K)
 Metaspace       used 59706K, committed 60160K, reserved 1114112K
  class space    used 8138K, committed 8320K, reserved 1048576K
}
Event: 9.795 GC heap before
{Heap before GC invocations=40 (full 0):
 garbage-first heap   total 279552K, used 245335K [0x0000000080000000, 0x0000000100000000)
  region size 1024K, 163 young (166912K), 2 survivors (2048K)
 Metaspace       used 59861K, committed 60352K, reserved 1114112K
  class space    used 8150K, committed 8384K, reserved 1048576K
}
Event: 9.798 GC heap after
{Heap after GC invocations=41 (full 0):
 garbage-first heap   total 279552K, used 77399K [0x0000000080000000, 0x0000000100000000)
  region size 1024K, 2 young (2048K), 2 survivors (2048K)
 Metaspace       used 59861K, committed 60352K, reserved 1114112K
  class space    used 8150K, committed 8384K, reserved 1048576K
}
Event: 10.176 GC heap before
{Heap before GC invocations=41 (full 0):
 garbage-first heap   total 279552K, used 247383K [0x0000000080000000, 0x0000000100000000)
  region size 1024K, 163 young (166912K), 2 survivors (2048K)
 Metaspace       used 60214K, committed 60672K, reserved 1114112K
  class space    used 8184K, committed 8384K, reserved 1048576K
}
Event: 10.181 GC heap after
{Heap after GC invocations=42 (full 0):
 garbage-first heap   total 279552K, used 87834K [0x0000000080000000, 0x0000000100000000)
  region size 1024K, 8 young (8192K), 8 survivors (8192K)
 Metaspace       used 60214K, committed 60672K, reserved 1114112K
  class space    used 8184K, committed 8384K, reserved 1048576K
}
Event: 10.676 GC heap before
{Heap before GC invocations=42 (full 0):
 garbage-first heap   total 279552K, used 240410K [0x0000000080000000, 0x0000000100000000)
  region size 1024K, 157 young (160768K), 8 survivors (8192K)
 Metaspace       used 60223K, committed 60672K, reserved 1114112K
  class space    used 8184K, committed 8384K, reserved 1048576K
}
Event: 10.683 GC heap after
{Heap after GC invocations=43 (full 0):
 garbage-first heap   total 279552K, used 95092K [0x0000000080000000, 0x0000000100000000)
  region size 1024K, 15 young (15360K), 15 survivors (15360K)
 Metaspace       used 60223K, committed 60672K, reserved 1114112K
  class space    used 8184K, committed 8384K, reserved 1048576K
}
Event: 10.985 GC heap before
{Heap before GC invocations=43 (full 0):
 garbage-first heap   total 279552K, used 236404K [0x0000000080000000, 0x0000000100000000)
  region size 1024K, 151 young (154624K), 15 survivors (15360K)
 Metaspace       used 60224K, committed 60672K, reserved 1114112K
  class space    used 8184K, committed 8384K, reserved 1048576K
}
Event: 11.003 GC heap after
{Heap after GC invocations=44 (full 0):
 garbage-first heap   total 279552K, used 112372K [0x0000000080000000, 0x0000000100000000)
  region size 1024K, 19 young (19456K), 19 survivors (19456K)
 Metaspace       used 60224K, committed 60672K, reserved 1114112K
  class space    used 8184K, committed 8384K, reserved 1048576K
}
Event: 11.228 GC heap before
{Heap before GC invocations=44 (full 0):
 garbage-first heap   total 279552K, used 226036K [0x0000000080000000, 0x0000000100000000)
  region size 1024K, 127 young (130048K), 19 survivors (19456K)
 Metaspace       used 60411K, committed 60992K, reserved 1114112K
  class space    used 8194K, committed 8448K, reserved 1048576K
}
Event: 11.271 GC heap after
{Heap after GC invocations=45 (full 0):
 garbage-first heap   total 287744K, used 157611K [0x0000000080000000, 0x0000000100000000)
  region size 1024K, 16 young (16384K), 16 survivors (16384K)
 Metaspace       used 60411K, committed 60992K, reserved 1114112K
  class space    used 8194K, committed 8448K, reserved 1048576K
}
Event: 11.325 GC heap before
{Heap before GC invocations=45 (full 0):
 garbage-first heap   total 287744K, used 219051K [0x0000000080000000, 0x0000000100000000)
  region size 1024K, 77 young (78848K), 16 survivors (16384K)
 Metaspace       used 60429K, committed 60992K, reserved 1114112K
  class space    used 8195K, committed 8448K, reserved 1048576K
}
Event: 11.343 GC heap after
{Heap after GC invocations=46 (full 0):
 garbage-first heap   total 287744K, used 168323K [0x0000000080000000, 0x0000000100000000)
  region size 1024K, 8 young (8192K), 8 survivors (8192K)
 Metaspace       used 60429K, committed 60992K, reserved 1114112K
  class space    used 8195K, committed 8448K, reserved 1048576K
}
Event: 11.411 GC heap before
{Heap before GC invocations=46 (full 0):
 garbage-first heap   total 287744K, used 228739K [0x0000000080000000, 0x0000000100000000)
  region size 1024K, 65 young (66560K), 8 survivors (8192K)
 Metaspace       used 60451K, committed 60992K, reserved 1114112K
  class space    used 8195K, committed 8448K, reserved 1048576K
}

