# JRE version: OpenJDK Runtime Environment (17.0.11) (build 17.0.11+0--11852314)
# Java VM: OpenJDK 64-Bit Server VM (17.0.11+0--11852314, mixed mode, tiered, compressed oops, compressed class ptrs, g1 gc, windows-amd64)
GC Precious Log:
 CPUs: 12 total, 12 available
 Memory: 16251M
 Large Page Support: Disabled
 NUMA Support: Disabled
 Compressed Oops: Enabled (32-bit)
 Heap Region Size: 1M
 Heap Min Capacity: 8M
 Heap Initial Capacity: 254M
 Heap Max Capacity: 2G
 Pre-touch: Disabled
 Parallel Workers: 10
 Concurrent Workers: 3
 Concurrent Refinement Workers: 10
 Periodic GC: Disabled
Heap:
 garbage-first heap   total 260096K, used 91434K [0x0000000080000000, 0x0000000100000000)
  region size 1024K, 14 young (14336K), 14 survivors (14336K)
 Metaspace       used 75420K, committed 76032K, reserved 1179648K
  class space    used 10094K, committed 10368K, reserved 1048576K
GC Heap History (20 events):
Event: 5.792 GC heap after
{Heap after GC invocations=21 (full 0):
 garbage-first heap   total 121856K, used 52718K [0x0000000080000000, 0x0000000100000000)
  region size 1024K, 8 young (8192K), 8 survivors (8192K)
 Metaspace       used 73751K, committed 74368K, reserved 1114112K
  class space    used 9953K, committed 10240K, reserved 1048576K
}
Event: 5.850 GC heap before
{Heap before GC invocations=21 (full 0):
 garbage-first heap   total 121856K, used 97774K [0x0000000080000000, 0x0000000100000000)
  region size 1024K, 53 young (54272K), 8 survivors (8192K)
 Metaspace       used 73832K, committed 74432K, reserved 1114112K
  class space    used 9953K, committed 10240K, reserved 1048576K
}
Event: 5.856 GC heap after
{Heap after GC invocations=22 (full 0):
 garbage-first heap   total 121856K, used 54031K [0x0000000080000000, 0x0000000100000000)
  region size 1024K, 2 young (2048K), 2 survivors (2048K)
 Metaspace       used 73832K, committed 74432K, reserved 1114112K
  class space    used 9953K, committed 10240K, reserved 1048576K
}
Event: 5.918 GC heap before
{Heap before GC invocations=22 (full 0):
 garbage-first heap   total 121856K, used 100111K [0x0000000080000000, 0x0000000100000000)
  region size 1024K, 47 young (48128K), 2 survivors (2048K)
 Metaspace       used 73889K, committed 74496K, reserved 1114112K
  class space    used 9955K, committed 10240K, reserved 1048576K
}
Event: 5.920 GC heap after
{Heap after GC invocations=23 (full 0):
 garbage-first heap   total 158720K, used 56034K [0x0000000080000000, 0x0000000100000000)
  region size 1024K, 3 young (3072K), 3 survivors (3072K)
 Metaspace       used 73889K, committed 74496K, reserved 1114112K
  class space    used 9955K, committed 10240K, reserved 1048576K
}
Event: 6.028 GC heap before
{Heap before GC invocations=23 (full 0):
 garbage-first heap   total 158720K, used 127714K [0x0000000080000000, 0x0000000100000000)
  region size 1024K, 74 young (75776K), 3 survivors (3072K)
 Metaspace       used 74020K, committed 74624K, reserved 1114112K
  class space    used 9956K, committed 10240K, reserved 1048576K
}
Event: 6.031 GC heap after
{Heap after GC invocations=24 (full 0):
 garbage-first heap   total 158720K, used 58127K [0x0000000080000000, 0x0000000100000000)
  region size 1024K, 5 young (5120K), 5 survivors (5120K)
 Metaspace       used 74020K, committed 74624K, reserved 1114112K
  class space    used 9956K, committed 10240K, reserved 1048576K
}
Event: 6.102 GC heap before
{Heap before GC invocations=24 (full 0):
 garbage-first heap   total 158720K, used 130831K [0x0000000080000000, 0x0000000100000000)
  region size 1024K, 76 young (77824K), 5 survivors (5120K)
 Metaspace       used 74117K, committed 74752K, reserved 1114112K
  class space    used 9956K, committed 10240K, reserved 1048576K
}
Event: 6.106 GC heap after
{Heap after GC invocations=25 (full 0):
 garbage-first heap   total 158720K, used 60580K [0x0000000080000000, 0x0000000100000000)
  region size 1024K, 8 young (8192K), 8 survivors (8192K)
 Metaspace       used 74117K, committed 74752K, reserved 1114112K
  class space    used 9956K, committed 10240K, reserved 1048576K
}
Event: 6.173 GC heap before
{Heap before GC invocations=25 (full 0):
 garbage-first heap   total 158720K, used 130212K [0x0000000080000000, 0x0000000100000000)
  region size 1024K, 77 young (78848K), 8 survivors (8192K)
 Metaspace       used 74186K, committed 74752K, reserved 1114112K
  class space    used 9956K, committed 10240K, reserved 1048576K
}
Event: 6.178 GC heap after
{Heap after GC invocations=26 (full 0):
 garbage-first heap   total 158720K, used 62509K [0x0000000080000000, 0x0000000100000000)
  region size 1024K, 7 young (7168K), 7 survivors (7168K)
 Metaspace       used 74186K, committed 74752K, reserved 1114112K
  class space    used 9956K, committed 10240K, reserved 1048576K
}
Event: 6.233 GC heap before
{Heap before GC invocations=26 (full 0):
 garbage-first heap   total 158720K, used 132141K [0x0000000080000000, 0x0000000100000000)
  region size 1024K, 75 young (76800K), 7 survivors (7168K)
 Metaspace       used 74202K, committed 74816K, reserved 1114112K
  class space    used 9956K, committed 10240K, reserved 1048576K
}
Event: 6.238 GC heap after
{Heap after GC invocations=27 (full 0):
 garbage-first heap   total 229376K, used 63886K [0x0000000080000000, 0x0000000100000000)
  region size 1024K, 7 young (7168K), 7 survivors (7168K)
 Metaspace       used 74202K, committed 74816K, reserved 1114112K
  class space    used 9956K, committed 10240K, reserved 1048576K
}
Event: 6.365 GC heap before
{Heap before GC invocations=27 (full 0):
 garbage-first heap   total 229376K, used 189838K [0x0000000080000000, 0x0000000100000000)
  region size 1024K, 131 young (134144K), 7 survivors (7168K)
 Metaspace       used 74269K, committed 74816K, reserved 1114112K
  class space    used 9956K, committed 10240K, reserved 1048576K
}
Event: 6.374 GC heap after
{Heap after GC invocations=28 (full 0):
 garbage-first heap   total 229376K, used 69688K [0x0000000080000000, 0x0000000100000000)
  region size 1024K, 14 young (14336K), 14 survivors (14336K)
 Metaspace       used 74269K, committed 74816K, reserved 1114112K
  class space    used 9956K, committed 10240K, reserved 1048576K
}
Event: 6.512 GC heap before
{Heap before GC invocations=28 (full 0):
 garbage-first heap   total 229376K, used 185400K [0x0000000080000000, 0x0000000100000000)
  region size 1024K, 128 young (131072K), 14 survivors (14336K)
 Metaspace       used 74342K, committed 74944K, reserved 1179648K
  class space    used 9956K, committed 10240K, reserved 1048576K
}
Event: 6.521 GC heap after
{Heap after GC invocations=29 (full 0):
 garbage-first heap   total 229376K, used 68904K [0x0000000080000000, 0x0000000100000000)
  region size 1024K, 9 young (9216K), 9 survivors (9216K)
 Metaspace       used 74342K, committed 74944K, reserved 1179648K
  class space    used 9956K, committed 10240K, reserved 1048576K
}
Event: 6.796 GC heap before
{Heap before GC invocations=29 (full 0):
 garbage-first heap   total 229376K, used 186664K [0x0000000080000000, 0x0000000100000000)
  region size 1024K, 125 young (128000K), 9 survivors (9216K)
 Metaspace       used 74641K, committed 75200K, reserved 1179648K
  class space    used 9990K, committed 10240K, reserved 1048576K
}
Event: 6.808 GC heap after
{Heap after GC invocations=30 (full 0):
 garbage-first heap   total 229376K, used 77448K [0x0000000080000000, 0x0000000100000000)
  region size 1024K, 16 young (16384K), 16 survivors (16384K)
 Metaspace       used 74641K, committed 75200K, reserved 1179648K
  class space    used 9990K, committed 10240K, reserved 1048576K
}
Event: 7.025 GC heap before
{Heap before GC invocations=30 (full 0):
 garbage-first heap   total 229376K, used 183944K [0x0000000080000000, 0x0000000100000000)
  region size 1024K, 120 young (122880K), 16 survivors (16384K)
 Metaspace       used 75420K, committed 76032K, reserved 1179648K
  class space    used 10094K, committed 10368K, reserved 1048576K
}

